<?xml version="1.0" encoding="UTF-8"?>
<testng-results ignored="0" total="1" passed="1" failed="0" skipped="0">
  <reporter-output>
  </reporter-output>
  <suite started-at="2019-02-28T13:52:59Z" name="Default suite" finished-at="2019-02-28T13:53:15Z" duration-ms="16087">
    <groups>
    </groups>
    <test started-at="2019-02-28T13:52:59Z" name="Default test" finished-at="2019-02-28T13:53:15Z" duration-ms="16087">
      <class name="com.navprogs.ShutterflyTest">
        <test-method signature="test1()[pri:0, instance:com.navprogs.ShutterflyTest@5824a83d]" started-at="2019-02-28T05:52:59Z" name="test1" finished-at="2019-02-28T05:53:15Z" duration-ms="15988" status="PASS">
          <reporter-output>
          </reporter-output>
        </test-method> <!-- test1 -->
      </class> <!-- com.navprogs.ShutterflyTest -->
    </test> <!-- Default test -->
  </suite> <!-- Default suite -->
</testng-results>
